2024/08/25 12:35:03 RegisterUser Servicdaaa>>>>>>>>>>>>
2024/08/25 12:35:57 VerifyUserda>>>>>>>>
2024/08/25 13:24:00 RegisterUser Servicdaaa>>>>>>>>>>>>
2024/08/25 13:24:21 RegisterUser Servicdaaa>>>>>>>>>>>>
2024/08/25 13:24:32 RegisterUser Servicdaaa>>>>>>>>>>>>
2024/08/25 14:00:46 RegisterUser Servicdaaa>>>>>>>>>>>>
2024/08/25 14:01:36 VerifyUserda>>>>>>>>
2024/08/25 15:04:36 RegisterUser Servicdaaa>>>>>>>>>>>>
2024/08/25 15:07:24 RegisterUser Servicdaaa>>>>>>>>>>>>
2024/08/25 15:09:19 RegisterUser Servicdaaa>>>>>>>>>>>>
2024/08/25 16:28:36 RegisterUser Servicdaaa>>>>>>>>>>>>
2024/08/25 16:33:23 RegisterUser Servicdaaa>>>>>>>>>>>>
2024/08/25 16:34:05 VerifyUserda>>>>>>>>
2024/08/27 11:49:58 RegisterUser Servicdaaa>>>>>>>>>>>>
2024/08/27 11:50:39 RegisterUser Servicdaaa>>>>>>>>>>>>
2024/08/27 11:52:32 RegisterUser Servicdaaa>>>>>>>>>>>>
2024/08/27 11:56:23 RegisterUser Servicdaaa>>>>>>>>>>>>
2024/08/27 11:56:43 RegisterUser Servicdaaa>>>>>>>>>>>>
2024/08/27 13:16:23 RegisterUser Servicdaaa>>>>>>>>>>>>
2024/08/27 13:17:11 RegisterUser Servicdaaa>>>>>>>>>>>>
2024/08/27 13:21:04 RegisterUser Servicdaaa>>>>>>>>>>>>
2024/08/27 13:21:58 RegisterUser Servicdaaa>>>>>>>>>>>>
2024/08/27 13:22:55 RegisterUser Servicdaaa>>>>>>>>>>>>
2024/08/27 13:23:11 RegisterUser Servicdaaa>>>>>>>>>>>>
2024/08/27 13:35:07 RegisterUser Servicdaaa>>>>>>>>>>>>
2024/08/27 13:36:16 VerifyUserda>>>>>>>>
2024/08/27 19:53:02 RegisterUser Servicdaaa>>>>>>>>>>>>
2024/08/27 19:53:11 RegisterUser Servicdaaa>>>>>>>>>>>>
2024/08/27 19:53:43 RegisterUser Servicdaaa>>>>>>>>>>>>
2024/08/27 19:54:59 VerifyUserda>>>>>>>>
2024/08/27 19:56:18 RegisterUser Servicdaaa>>>>>>>>>>>>
2024/08/27 19:56:44 VerifyUserda>>>>>>>>
2024/08/27 19:56:56 VerifyUserda>>>>>>>>
2024/08/27 19:57:46 VerifyUserda>>>>>>>>
2024/08/27 19:57:54 VerifyUserda>>>>>>>>
2024/08/27 20:02:50 RegisterUser Servicdaaa>>>>>>>>>>>>
2024/08/27 20:05:05 RegisterUser Servicdaaa>>>>>>>>>>>>
2024/08/27 20:05:40 VerifyUserda>>>>>>>>
2024/08/27 20:05:49 VerifyUserda>>>>>>>>
2024/08/27 20:06:17 VerifyUserda>>>>>>>>
2024/08/27 20:07:59 RegisterUser Servicdaaa>>>>>>>>>>>>
2024/08/27 20:08:20 VerifyUserda>>>>>>>>
2024/08/28 07:00:00 RegisterUser Servicdaaa>>>>>>>>>>>>
2024/08/28 07:01:05 VerifyUserda>>>>>>>>
2024/08/28 07:01:21 VerifyUserda>>>>>>>>
2024/08/28 10:54:14 RegisterUser Servicdaaa>>>>>>>>>>>>
2024/08/28 10:55:27 VerifyUserda>>>>>>>>
2024/09/16 10:28:45 RegisterUser Servicdaaa>>>>>>>>>>>>
2024/09/16 10:31:09 VerifyUserda>>>>>>>>
2024/09/16 10:31:34 VerifyUserda>>>>>>>>
2024/09/16 10:31:45 VerifyUserda>>>>>>>>
2024/09/16 11:36:36 RegisterUser Servicdaaa>>>>>>>>>>>>
2024/09/16 11:37:20 VerifyUserda>>>>>>>>
2024/09/16 11:37:44 VerifyUserda>>>>>>>>
2024/09/16 11:45:08 VerifyUserda>>>>>>>>
2024/09/16 15:13:09 RegisterUser Servicdaaa>>>>>>>>>>>>
2024/09/16 15:13:31 VerifyUserda>>>>>>>>
2024/09/16 15:13:43 VerifyUserda>>>>>>>>
2024/09/16 15:13:53 VerifyUserda>>>>>>>>
2024/09/16 15:14:25 VerifyUserda>>>>>>>>
2024/09/16 17:41:50 RegisterUser Servicdaaa>>>>>>>>>>>>
2024/09/16 17:43:23 VerifyUserda>>>>>>>>
2024/09/16 17:43:53 VerifyUserda>>>>>>>>
2024/09/17 09:07:50 RegisterUser Servicdaaa>>>>>>>>>>>>
2024/09/17 09:17:20 RegisterUser Servicdaaa>>>>>>>>>>>>
2024/09/17 09:21:12 VerifyUserda>>>>>>>>
2024/09/17 09:24:10 RegisterUser Servicdaaa>>>>>>>>>>>>
2024/09/17 09:41:35 RegisterUser Servicdaaa>>>>>>>>>>>>
2024/09/17 09:41:44 VerifyUserda>>>>>>>>
2024/09/17 09:43:23 RegisterUser Servicdaaa>>>>>>>>>>>>
2024/09/17 09:44:33 VerifyUserda>>>>>>>>
2024/09/17 09:44:51 VerifyUserda>>>>>>>>
2024/09/17 09:46:23 VerifyUserda>>>>>>>>
2024/09/17 09:47:04 RegisterUser Servicdaaa>>>>>>>>>>>>
2024/09/17 09:47:44 VerifyUserda>>>>>>>>
2024/09/17 09:49:52 VerifyUserda>>>>>>>>
2024/09/17 09:52:38 name:"a" email:"azamatgayratov771@gmail.com" password:"a" age:44
2024/09/17 09:52:38 RegisterUser Servicdaaa>>>>>>>>>>>>
2024/09/17 09:53:22 VerifyUserda>>>>>>>>
2024/09/17 09:54:23 
2024/09/17 09:54:23 VerifyUserda>>>>>>>>
2024/09/17 09:56:12 
2024/09/17 09:56:12 VerifyUserda>>>>>>>>
2024/09/17 09:57:57 
2024/09/17 09:57:57 VerifyUserda>>>>>>>>
2024/09/17 10:01:02 VerifyUserda>>>>>>>>
2024/09/17 10:01:34 VerifyUserda>>>>>>>>
2024/09/17 10:02:16 name:"a" email:"azamatgayratov771@gmail.com" password:"a" age:44
2024/09/17 10:02:16 RegisterUser Servicdaaa>>>>>>>>>>>>
2024/09/17 10:02:46 VerifyUserda>>>>>>>>
2024/09/17 10:43:52 name:"string" email:"string" password:"string" age:3
2024/09/17 10:43:52 RegisterUser Servicdaaa>>>>>>>>>>>>
2024/09/17 10:44:55 name:"a" email:"azamatgayratov771@gmail.com" password:"a" age:3
2024/09/17 10:44:56 RegisterUser Servicdaaa>>>>>>>>>>>>
2024/09/17 10:45:38 VerifyUserda>>>>>>>>
2024/09/17 11:02:45 name:"a" email:"azamatgayratov771@gmail.com" password:"a" age:33
2024/09/17 11:02:45 RegisterUser Servicdaaa>>>>>>>>>>>>
2024/09/17 11:03:15 VerifyUserda>>>>>>>>
